build/app/outputs/mapping/release/seeds.txt
com.example.chatternet.MainActivity
com.example.chatternet.MainActivity: MainActivity()
...
com.google.android.gms.internal.firebase-auth-api.zzfc: com.google.android.gms.internal.firebase-auth-api.zzfi zzf
android.support.v4.media.session.MediaSessionCompat$QueueItem: android.os.Parcelable$Creator CREATOR
io.flutter.embedding.android.TransparencyMode: io.flutter.embedding.android.TransparencyMode valueOf(java.lang.String)
androidx.appcompat.widget.AppCompatImageButton: android.graphics.PorterDuff$Mode getSupportImageTintMode()
com.google.firebase.auth.PhoneMultiFactorInfo: android.os.Parcelable$Creator CREATOR
com.google.firestore.v1.BatchGetDocumentsRequest: java.lang.Object consistencySelector_
androidx.appcompat.view.menu.ActionMenuItemView: void setIcon(android.graphics.drawable.Drawable)
com.google.firestore.v1.StructuredQuery$Order: com.google.protobuf.Parser PARSER
com.google.android.gms.internal.measurement.zzgo: com.google.android.gms.internal.measurement.zzgo zzg
io.flutter.embedding.engine.FlutterJNI: void nativeOnVsync(long,long,long)
com.facebook.CurrentAccessTokenExpirationBroadcastReceiver
com.google.android.gms.internal.measurement.zzfe: com.google.android.gms.internal.measurement.zzfe zzg
com.squareup.okhttp.Protocol: com.squareup.okhttp.Protocol[] values()
io.flutter.plugin.editing.ImeSyncDeferringInsetsCallback: io.flutter.plugin.editing.ImeSyncDeferringInsetsCallback$InsetsListener insetsListener
androidx.appcompat.widget.LinearLayoutCompat: int getVirtualChildCount()
com.facebook.common.Common: Common()
com.google.firestore.v1.CommitRequest: int WRITES_FIELD_NUMBER
androidx.appcompat.widget.SearchView: void setIconifiedByDefault(boolean)
com.google.android.gms.internal.firebase-auth-api.zzgx: com.google.android.gms.internal.firebase-auth-api.zzha zze
com.google.firestore.v1.WriteRequest: com.google.protobuf.MapFieldLite labels_
com.google.firestore.v1.WriteResult: com.google.protobuf.Internal$ProtobufList transformResults_
com.google.android.gms.measurement.internal.AppMeasurementDynamiteService: void getAppInstanceId(com.google.android.gms.internal.measurement.zzcf)
androidx.vectordrawable.graphics.drawable.VectorDrawableCompat$VGroup: void setTranslateX(float)
com.google.android.gms.measurement.internal.AppMeasurementDynamiteService: void getUserProperties(java.lang.String,java.lang.String,boolean,com.google.android.gms.internal.measurement.zzcf)
androidx.appcompat.widget.Toolbar: androidx.appcompat.widget.ActionMenuPresenter getOuterActionMenuPresenter()
com.google.firestore.v1.ListenResponse$ResponseTypeCase: com.google.firestore.v1.ListenResponse$ResponseTypeCase[] values()
com.facebook.internal.SmartLoginOption: com.facebook.internal.SmartLoginOption valueOf(java.lang.String)
com.google.android.gms.internal.firebase-auth-api.zzho: com.google.android.gms.internal.firebase-auth-api.zzyu zze
com.google.android.gms.internal.measurement.zzex: com.google.android.gms.internal.measurement.zzkk zzh
com.google.firestore.v1.Precondition: java.lang.Object conditionType_
com.google.android.gms.internal.measurement.zzfw: java.lang.String zzR
io.grpc.okhttp.OkHttpChannelBuilder: io.grpc.okhttp.OkHttpChannelBuilder sslSocketFactory(javax.net.ssl.SSLSocketFactory)
com.google.android.gms.internal.measurement.zzeh: boolean zzi
androidx.lifecycle.ReportFragment$LifecycleCallbacks: ReportFragment$LifecycleCallbacks()
com.facebook.internal.FetchedAppSettingsManager$FetchAppSettingState: com.facebook.internal.FetchedAppSettingsManager$FetchAppSettingState valueOf(java.lang.String)
androidx.appcompat.widget.AppCompatSpinner: void setPrompt(java.lang.CharSequence)
com.google.firestore.v1.Value: int BYTES_VALUE_FIELD_NUMBER
androidx.appcompat.widget.ViewStubCompat
androidx.appcompat.widget.Toolbar: void setContentInsetStartWithNavigation(int)
com.google.firebase.auth.internal.zzt: android.os.Parcelable$Creator CREATOR
com.google.android.gms.internal.measurement.zzel: com.google.android.gms.internal.measurement.zzel zzi
com.google.firestore.v1.StructuredQuery: com.google.protobuf.Int32Value limit_