build/app/outputs/mapping/release/mapping.txt
# compiler: R8
# compiler_version: 2.1.62
# min_api: 19
# pg_map_id: 0655380
# common_typos_disable
...
com.google.android.gms.internal.firebase-auth-api.zzg -> c.a.a.a.f.h.w7:
    java.util.concurrent.ExecutorService zza(int) -> a
com.google.android.gms.internal.firebase-auth-api.zzga -> c.a.a.a.f.h.x7:
    com.google.android.gms.internal.firebase-auth-api.zzfz zzb() -> A
    com.google.android.gms.internal.firebase-auth-api.zzga zzc() -> B
    com.google.android.gms.internal.firebase-auth-api.zzga zzd(com.google.android.gms.internal.firebase-auth-api.zzyu,com.google.android.gms.internal.firebase-auth-api.zzzj) -> C
    com.google.android.gms.internal.firebase-auth-api.zzyu zze() -> D
    void zzf(com.google.android.gms.internal.firebase-auth-api.zzga,int) -> E
    void zzg(com.google.android.gms.internal.firebase-auth-api.zzga,com.google.android.gms.internal.firebase-auth-api.zzyu) -> F
    java.lang.Object zzj(int,java.lang.Object,java.lang.Object) -> j
    int zza() -> z
com.google.android.gms.internal.firebase-auth-api.zzgb -> c.a.a.a.f.h.y7:
com.google.android.gms.internal.firebase-auth-api.zzgc -> c.a.a.a.f.h.z7:
    com.google.android.gms.internal.firebase-auth-api.zzgc zza(int) -> h
com.google.android.gms.internal.firebase-auth-api.zzgd -> c.a.a.a.f.h.a8:
    com.google.android.gms.internal.firebase-auth-api.zzgc zzb() -> A
    com.google.android.gms.internal.firebase-auth-api.zzgd zzc() -> B
    com.google.android.gms.internal.firebase-auth-api.zzgd zzd(com.google.android.gms.internal.firebase-auth-api.zzyu,com.google.android.gms.internal.firebase-auth-api.zzzj) -> C
    void zze(com.google.android.gms.internal.firebase-auth-api.zzgd,int) -> D
    java.lang.Object zzj(int,java.lang.Object,java.lang.Object) -> j
    int zza() -> z
com.google.android.gms.internal.firebase-auth-api.zzge -> c.a.a.a.f.h.b8:
com.google.android.gms.internal.firebase-auth-api.zzgf -> c.a.a.a.f.h.c8:
    com.google.android.gms.internal.firebase-auth-api.zzgf zza(com.google.android.gms.internal.firebase-auth-api.zzyu) -> h
    com.google.android.gms.internal.firebase-auth-api.zzgf zzb(int) -> i
com.google.android.gms.internal.firebase-auth-api.zzgg -> c.a.a.a.f.h.d8:
    com.google.android.gms.internal.firebase-auth-api.zzgf zzb() -> A
    com.google.android.gms.internal.firebase-auth-api.zzgg zzc() -> B
    com.google.android.gms.internal.firebase-auth-api.zzgg zzd(com.google.android.gms.internal.firebase-auth-api.zzyu,com.google.android.gms.internal.firebase-auth-api.zzzj) -> C
    com.google.android.gms.internal.firebase-auth-api.zzyu zze() -> D
    void zzf(com.google.android.gms.internal.firebase-auth-api.zzgg,int) -> E
    void zzg(com.google.android.gms.internal.firebase-auth-api.zzgg,com.google.android.gms.internal.firebase-auth-api.zzyu) -> F
    java.lang.Object zzj(int,java.lang.Object,java.lang.Object) -> j
    int zza() -> z
com.google.android.gms.internal.firebase-auth-api.zzgh -> c.a.a.a.f.h.e8:
com.google.android.gms.internal.firebase-auth-api.zzgi -> c.a.a.a.f.h.f8:
    com.google.android.gms.internal.firebase-auth-api.zzgi zza(int) -> h
com.google.android.gms.internal.firebase-auth-api.zzgj -> c.a.a.a.f.h.g8:
    com.google.android.gms.internal.firebase-auth-api.zzgi zzb() -> A
    com.google.android.gms.internal.firebase-auth-api.zzgj zzc() -> B
    com.google.android.gms.internal.firebase-auth-api.zzgj zzd(com.google.android.gms.internal.firebase-auth-api.zzyu,com.google.android.gms.internal.firebase-auth-api.zzzj) -> C
    void zze(com.google.android.gms.internal.firebase-auth-api.zzgj,int) -> D
    java.lang.Object zzj(int,java.lang.Object,java.lang.Object) -> j
    int zza() -> z
com.google.android.gms.internal.firebase-auth-api.zzgk -> c.a.a.a.f.h.h8:
com.google.android.gms.internal.firebase-auth-api.zzgl -> c.a.a.a.f.h.i8:
    com.google.android.gms.internal.firebase-auth-api.zzgl zza(com.google.android.gms.internal.firebase-auth-api.zzyu) -> h
    com.google.android.gms.internal.firebase-auth-api.zzgl zzb(int) -> i