build/app/outputs/mapping/release/usage.txt
com.example.chatternet.BuildConfig
com.example.chatternet.R$string
com.example.chatternet.R$styleable
com.example.chatternet.R$integer
com.example.chatternet.R$mipmap
com.example.chatternet.R$color
com.example.chatternet.R$id
com.example.chatternet.R
com.example.chatternet.R$xml
com.example.chatternet.R$anim
com.example.chatternet.R$dimen
com.example.chatternet.R$drawable
com.example.chatternet.R$layout
com.example.chatternet.R$bool
com.example.chatternet.R$style
com.example.chatternet.R$attr
...
androidx.swiperefreshlayout.R$attr
org.checkerframework.checker.nullness.compatqual.NullableDecl
com.google.zxing.oned.rss.expanded.decoders.AbstractExpandedDecoder
com.google.gson.internal.ConstructorConstructor$13
com.google.common.hash.Hashing$Sha256Holder
com.google.firebase.database.core.utilities.Tree:
    public com.google.firebase.database.core.utilities.TreeNode lastNodeOnPath(com.google.firebase.database.core.Path)
    public com.google.firebase.database.core.utilities.Tree getParent()
    public com.google.firebase.database.snapshot.ChildKey getName()
    public void forEachDescendant(com.google.firebase.database.core.utilities.Tree$TreeVisitor,boolean)
com.google.android.gms.internal.auth.zzah
androidx.fragment.R$integer
com.facebook.share.internal.CameraEffectJSONUtility
com.google.android.gms.internal.firebase-auth-api.zzin:
    static void <clinit>()
    static final synthetic int[] zza
androidx.appcompat.view.menu.MenuPopup:
    public androidx.appcompat.view.menu.MenuView getMenuView(android.view.ViewGroup)
    public int getId()
com.google.protobuf.MapFieldLite:
    private static java.lang.Object copy(java.lang.Object)
    static java.util.Map copy(java.util.Map)
    public java.lang.Object put(java.util.Map$Entry)
com.squareup.okhttp.internal.framed.Huffman
com.google.firestore.v1.DocumentOrBuilder
com.google.common.cache.LocalCache$WeightedWeakValueReference
com.google.protobuf.DescriptorProtos$SourceCodeInfoOrBuilder
com.google.common.util.concurrent.ListenerCallQueue$Event
com.google.firestore.v1.StructuredQuery$CollectionSelectorOrBuilder
androidx.core.graphics.drawable.DrawableCompat:
    public static void clearColorFilter(android.graphics.drawable.Drawable)
    public static android.graphics.drawable.Drawable unwrap(android.graphics.drawable.Drawable)
    public static boolean setLayoutDirection(android.graphics.drawable.Drawable,int)
    private void <init>()
    private static final java.lang.String TAG
    private static java.lang.reflect.Method sSetLayoutDirectionMethod
    private static boolean sSetLayoutDirectionMethodFetched
io.grpc.stub.StreamObservers
com.google.android.gms.common.internal.AuthAccountRequest
com.google.android.gms.safetynet.SafetyNetApi$HarmfulAppsResponse
com.google.api.ResourceReference$1
io.grpc.ServiceProviders:
    private void <init>()
io.grpc.internal.ManagedChannelImpl$1StatsFetcher
com.google.android.gms.internal.cloudmessaging.zze:
    public void <init>()
com.facebook.share.internal.LikeContent$Builder
com.google.firebase.analytics.connector.internal.zzc
io.grpc.internal.ReadableBuffers$ByteReadableBufferWrapper
androidx.media.AudioAttributesCompat$AttributeUsage
com.google.android.gms.common.server.converter.StringToIntConverter
com.google.common.collect.ForwardingSortedMap$StandardKeySet
androidx.viewpager.widget.ViewPager$MyAccessibilityDelegate
androidx.viewpager.R$attr
com.squareup.okhttp.Credentials:
    private void <init>()
androidx.legacy.coreutils.R$layout